This is METAFONT, Version 2.7182818 (TeX Live 2017/Debian) (preloaded base=mf 2019.11.30)  13 MAR 2020 19:14
**fun/comment1 fun/comment1.md
(fun/comment1
! A statement can't begin with `..'.
<to be read again> 
                   ..
---->..
       tension.infinity..
l.1 ---
       
? 
! Extra tokens will be flushed.
<to be read again> 
                   ..
---->..
       tension.infinity..
l.1 ---
       
? 
)
! File ended while scanning to the end of the statement.
<inserted text> 
                ;
<*> fun/comment1
                 fun/comment1.md
? 

*
(Please type a command or say `end')
*
(Please type a command or say `end')
*
(Please type a command or say `end')
*
! Emergency stop.
<*> 
    
End of file on the terminal!


